<?xml version="1.0" encoding="UTF-8"?>
<testng-results ignored="0" total="2" passed="2" failed="0" skipped="0">
  <reporter-output>
  </reporter-output>
  <suite started-at="2024-04-02T14:53:58 IST" name="Suite" finished-at="2024-04-02T14:59:22 IST" duration-ms="323400">
    <groups>
      <group name="regression">
        <method signature="testCase_001.firstPage()[pri:0, instance:testCases.testCase_001@273444fe]" name="firstPage" class="testCases.testCase_001"/>
        <method signature="testCase_001.secondPage()[pri:1, instance:testCases.testCase_001@273444fe]" name="secondPage" class="testCases.testCase_001"/>
      </group> <!-- regression -->
    </groups>
    <test started-at="2024-04-02T14:53:58 IST" name="Test" finished-at="2024-04-02T14:59:22 IST" duration-ms="323400">
      <class name="testCases.testCase_001">
        <test-method is-config="true" signature="setup(java.lang.String,java.lang.String)[pri:0, instance:testCases.testCase_001@273444fe]" started-at="2024-04-02T14:53:59 IST" name="setup" finished-at="2024-04-02T14:54:19 IST" duration-ms="20069" status="PASS">
          <params>
            <param index="0">
              <value>
                <![CDATA[Chrome]]>
              </value>
            </param>
            <param index="1">
              <value>
                <![CDATA[https://be.cognizant.com/]]>
              </value>
            </param>
          </params>
          <reporter-output>
          </reporter-output>
        </test-method> <!-- setup -->
        <test-method signature="firstPage()[pri:0, instance:testCases.testCase_001@273444fe]" started-at="2024-04-02T14:54:19 IST" name="firstPage" finished-at="2024-04-02T14:54:45 IST" duration-ms="26123" status="PASS">
          <reporter-output>
          </reporter-output>
        </test-method> <!-- firstPage -->
        <test-method signature="secondPage()[pri:1, instance:testCases.testCase_001@273444fe]" started-at="2024-04-02T14:54:45 IST" name="secondPage" finished-at="2024-04-02T14:59:11 IST" duration-ms="265292" status="PASS">
          <reporter-output>
          </reporter-output>
        </test-method> <!-- secondPage -->
        <test-method is-config="true" signature="tearDown()[pri:0, instance:testCases.testCase_001@273444fe]" started-at="2024-04-02T14:59:11 IST" name="tearDown" finished-at="2024-04-02T14:59:22 IST" duration-ms="11131" status="PASS">
          <reporter-output>
          </reporter-output>
        </test-method> <!-- tearDown -->
      </class> <!-- testCases.testCase_001 -->
    </test> <!-- Test -->
  </suite> <!-- Suite -->
</testng-results>
